<?xml version="1.0" encoding="UTF-8"?>
<!-- Generated by org.testng.reporters.JUnitXMLReporter -->
<testsuite ignored="0" hostname="Himadrees-MacBook-Air.local" failures="0" tests="2" name="FirefoxTest" time="183.375" errors="0" timestamp="2025-12-16T20:39:41 IST">
  <testcase classname="testCases.TC001_AccountRegistrationTest" name="verify_account_registration" time="0.0">
    <skipped/>
  </testcase> <!-- verify_account_registration -->
  <testcase classname="testCases.TC002_LoginTest" name="verfy_login" time="0.0">
    <skipped/>
  </testcase> <!-- verfy_login -->
</testsuite> <!-- FirefoxTest -->
